<?xml version="1.0" encoding="UTF-8"?>
<!-- Generated by org.testng.reporters.JUnitXMLReporter -->
<testsuite ignored="0" hostname="DESKTOP-QK2T4EG" failures="0" tests="14" name="Test" time="91.437" errors="0" timestamp="2022-06-01T13:52:11 IST">
  <testcase classname="com.vyasa.testng.dataprovider.DataProviderExample" name="loginFlipkart" time="1.724"/>
  <testcase classname="com.vyasa.testng.dataprovider.DataProviderExample" name="loginFlipkart" time="0.615"/>
  <testcase classname="com.vyasa.testng.dataprovider.DataProviderExample" name="loginFlipkart" time="0.7"/>
  <testcase classname="com.vyasa.testng.automation.TestNGAutomation" name="verifyNewArrivalsDisplayed" time="0.095"/>
  <testcase classname="com.vyasa.testng.automation.TestNGAutomation" name="verifySliderHasThreeBooks" time="0.075"/>
  <testcase classname="com.vyasa.testng.automation.TestNGAutomation" name="verifyNewArrivalHasThreeBooks" time="0.032"/>
  <testcase classname="com.vyasa.testng.automation.TestNGAutomation" name="verifyTitleOfNewArrivalBooks" time="0.092"/>
  <testcase classname="com.vyasa.testng.automation.TestNGAttributes" name="test6" time="0.002"/>
  <testcase classname="com.vyasa.testng.automation.TestNGAttributes" name="atest4" time="0.003"/>
  <testcase classname="com.vyasa.testng.automation.TestNGAttributes" name="test2" time="0.002"/>
  <testcase classname="com.vyasa.testng.automation.TestNGAttributes" name="test5" time="0.002"/>
  <testcase classname="com.vyasa.testng.automation.TestNGAttributes" name="test1" time="0.001"/>
  <testcase classname="com.vyasa.testng.automation.TestNGAttributes" name="test3" time="0.001"/>
  <testcase classname="com.vyasa.testng.automation.TestNGAttributes" name="test7" time="0.005"/>
</testsuite> <!-- Test -->
